"../../../Engine/Content/Functions/Engine_MaterialFunctions01/Opacity/CameraDepthFade.uasset" 0
"../../../Engine/Content/EngineMaterials/T_Default_Material_Grid_M.uasset" 1
"../../../Engine/Content/EngineMaterials/T_Default_Material_Grid_N.uasset" 2
"../../../Engine/Content/EngineMaterials/WorldGridMaterial.uasset" 3
"../../../Engine/Content/ArtTools/RenderToTexture/Meshes/S_1_Unit_Plane.uasset" 4
"../../../Engine/Content/EngineMaterials/DefaultMaterial.uasset" 5
"../../../Engine/Content/BasicShapes/Cone.uasset" 6
"../../../Engine/Content/BasicShapes/Cylinder.uasset" 7
"../../../Engine/Content/BasicShapes/Sphere.uasset" 8
"../../../Engine/Content/EditorLandscapeResources/DataLayer.uasset" 9
"../../../Engine/Content/EditorMaterials/GizmoMaterial.uasset" 10
"../../../Engine/Content/EditorMaterials/MAT_Groups_Toggle.uasset" 11
"../../../Engine/Content/EditorMaterials/MAT_Groups_Visibility.uasset" 12
"../../../Engine/Content/EditorMaterials/PreviewShadowIndicator.uasset" 13
"../../../Engine/Content/EditorMaterials/PreviewShadowIndicatorMaterial.uasset" 14
"../../../Engine/Content/EditorMaterials/MatineeGroups/MAT_ColorTrack.uasset" 15
"../../../Engine/Content/EditorMaterials/MatineeGroups/MAT_Groups_Anim.uasset" 16
"../../../Engine/Content/EditorMaterials/MatineeGroups/MAT_Groups_AudioMaster.uasset" 17
"../../../Engine/Content/EditorMaterials/MatineeGroups/MAT_Groups_Director.uasset" 18
"../../../Engine/Content/EditorMaterials/MatineeGroups/MAT_Groups_Event.uasset" 19
"../../../Engine/Content/EditorMaterials/MatineeGroups/MAT_Groups_Fade.uasset" 20
"../../../Engine/Content/EditorMaterials/MatineeGroups/MAT_Groups_Float.uasset" 21
"../../../Engine/Content/EditorMaterials/MatineeGroups/MAT_Groups_Move.uasset" 22
"../../../Engine/Content/EditorMaterials/MatineeGroups/MAT_Groups_Slomo.uasset" 23
"../../../Engine/Content/EditorMaterials/MatineeGroups/MAT_Groups_Sound.uasset" 24
"../../../Engine/Content/EditorMaterials/MatineeGroups/MAT_Groups_Vector.uasset" 25
"../../../Engine/Content/EditorMaterials/ParticleSystems/PSysThumbnail_NoImage.uasset" 26
"../../../Engine/Content/EditorMaterials/ParticleSystems/PSysThumbnail_OOD.uasset" 27
"../../../Engine/Content/EditorMaterials/Camera/CineMat.uasset" 28
"../../../Engine/Content/EditorMaterials/Camera/MI_CineMat_Rig.uasset" 29
"../../../Engine/Content/EditorMeshes/Camera/SM_CraneRig_Arm.uasset" 30
"../../../Engine/Content/EditorMeshes/Camera/SM_CraneRig_Base.uasset" 31
"../../../Engine/Content/EditorMeshes/Camera/SM_CraneRig_Body.uasset" 32
"../../../Engine/Content/EditorMeshes/Camera/SM_CraneRig_Mount.uasset" 33
"../../../Engine/Content/EditorMeshes/Camera/SM_RailRig_Mount.uasset" 34
"../../../Engine/Content/EditorMeshes/Camera/SM_RailRig_Track.uasset" 35
"../../../Engine/Content/EditorResources/BSPVertex.uasset" 36
"../../../Engine/Content/EditorResources/EmptyActor.uasset" 37
"../../../Engine/Content/EditorResources/S_Actor.uasset" 38
"../../../Engine/Content/EditorResources/S_Trigger.uasset" 39
"../../../Engine/Content/EditorResources/LightIcons/S_LightError.uasset" 40
"../../../Engine/Content/EditorResources/SequenceRecorder/Countdown.uasset" 41
"../../../Engine/Content/EditorResources/SequenceRecorder/RecordingIndicator.uasset" 42
"../../../Engine/Content/EditorSounds/Notifications/CompileFailed.uasset" 43
"../../../Engine/Content/EditorSounds/Notifications/CompileFailed_Cue.uasset" 44
"../../../Engine/Content/EditorSounds/Notifications/CompileSuccess.uasset" 45
"../../../Engine/Content/EditorSounds/Notifications/CompileStart_Cue.uasset" 46
"../../../Engine/Content/EditorSounds/Notifications/CompileSuccess_Cue.uasset" 47
"../../../Engine/Content/EngineDamageTypes/DmgTypeBP_Environmental.uasset" 48
"../../../Engine/Content/EngineDebugMaterials/HeatmapGradient.uasset" 49
"../../../Engine/Content/EngineDebugMaterials/BoneWeightMaterial.uasset" 50
"../../../Engine/Content/EngineDebugMaterials/ClothMaterial.uasset" 51
"../../../Engine/Content/EngineDebugMaterials/ClothMaterial_WF.uasset" 52
"../../../Engine/Content/EngineDebugMaterials/DebugEditorMaterial.uasset" 53
"../../../Engine/Content/EngineDebugMaterials/DebugMeshMaterial.uasset" 54
"../../../Engine/Content/EngineDebugMaterials/GeomMaterial.uasset" 55
"../../../Engine/Content/EngineDebugMaterials/M_SimpleTranslucent.uasset" 56
"../../../Engine/Content/EngineFonts/Faces/RobotoBold.uasset" 57
"../../../Engine/Content/EngineFonts/Faces/RobotoBoldItalic.uasset" 58
"../../../Engine/Content/EngineFonts/Faces/RobotoItalic.uasset" 59
"../../../Engine/Content/EngineFonts/Faces/RobotoLight.uasset" 60
"../../../Engine/Content/EngineFonts/Faces/RobotoRegular.uasset" 61
"../../../Engine/Content/EngineFonts/Faces/RobotoTiny.uasset" 62
"../../../Engine/Content/EngineMaterials/BaseFlattenDiffuseMap.uasset" 63
"../../../Engine/Content/EngineMaterials/BaseFlattenEmissiveMap.uasset" 64
"../../../Engine/Content/EngineMaterials/BaseFlattenGrayscaleMap.uasset" 65
"../../../Engine/Content/EngineMaterials/BaseFlattenNormalMap.uasset" 66
"../../../Engine/Content/EngineMaterials/BaseFlattenMaterial.uasset" 67
"../../../Engine/Content/EngineMaterials/DefaultBloomKernel.uasset" 68
"../../../Engine/Content/EngineMaterials/DefaultBokeh.uasset" 69
"../../../Engine/Content/EngineMaterials/DefaultDiffuse.uasset" 70
"../../../Engine/Content/EngineMaterials/DefaultDeferredDecalMaterial.uasset" 71
"../../../Engine/Content/EngineMaterials/DefaultLightFunctionMaterial.uasset" 72
"../../../Engine/Content/EngineMaterials/DefaultPhysicalMaterial.uasset" 73
"../../../Engine/Content/Functions/Engine_MaterialFunctions02/Utility/BreakOutFloat2Components.uasset" 74
"../../../Engine/Content/EngineMaterials/DefaultPostProcessMaterial.uasset" 75
"../../../Engine/Content/EngineMaterials/DefaultTextMaterialOpaque.uasset" 76
"../../../Engine/Content/EngineMaterials/DefaultWhiteGrid.uasset" 77
"../../../Engine/Content/EngineMaterials/EditorBrushMaterial.uasset" 78
"../../../Engine/Content/EngineMaterials/Good64x64TilingNoiseHighFreq.uasset" 79
"../../../Engine/Content/EngineMaterials/MiniFont.uasset" 80
"../../../Engine/Content/EngineMaterials/InvalidLightmapSettings.uasset" 81
"../../../Engine/Content/EngineMaterials/M_InvalidLightmapSettings.uasset" 82
"../../../Engine/Content/Functions/Engine_MaterialFunctions02/WorldPositionOffset/CameraOffset.uasset" 83
"../../../Engine/Content/EngineMaterials/PhAT_JointLimitMaterial.uasset" 84
"../../../Engine/Content/EngineMaterials/PreintegratedSkinBRDF.uasset" 85
"../../../Engine/Content/EngineMaterials/RemoveSurfaceMaterial.uasset" 86
"../../../Engine/Content/EngineMaterials/WeightMapPlaceholderTexture.uasset" 87
"../../../Engine/Content/EngineResources/WhiteSquareTexture.uasset" 88
"../../../Engine/Content/EngineMaterials/Widget3DPassThrough.uasset" 89
"../../../Engine/Content/EngineMaterials/Widget3DPassThrough_Masked.uasset" 90
"../../../Engine/Content/EngineMaterials/Widget3DPassThrough_Opaque.uasset" 91
"../../../Engine/Content/EngineMaterials/Widget3DPassThrough_Masked_OneSided.uasset" 92
"../../../Engine/Content/EngineMaterials/Widget3DPassThrough_Opaque_OneSided.uasset" 93
"../../../Engine/Content/EngineMaterials/Widget3DPassThrough_Translucent.uasset" 94
"../../../Engine/Content/EngineMaterials/Widget3DPassThrough_Translucent_OneSided.uasset" 95
"../../../Engine/Content/EngineMeshes/Cylinder.uasset" 96
"../../../Engine/Content/EngineMeshes/Sphere.uasset" 97
"../../../Engine/Content/EngineResources/Black.uasset" 98
"../../../Engine/Content/EngineResources/DefaultTexture.uasset" 99
"../../../Engine/Content/EngineResources/DefaultTextureCube.uasset" 100
"../../../Engine/Content/EngineResources/DefaultVolumeTexture2D.uasset" 101
"../../../Engine/Content/EngineResources/DefaultVolumeTexture.uasset" 102
"../../../Engine/Content/EngineResources/GradientTexture0.uasset" 103
"../../../Engine/Content/EngineSounds/Master.uasset" 104
"../../../Engine/Content/Functions/Engine_MaterialFunctions01/Shading/ConvertFromDiffSpec.uasset" 105
"../../../Engine/Content/Functions/Engine_MaterialFunctions01/Shading/PowerToRoughness.uasset" 106
"../../../Engine/Content/Maps/Templates/Thumbnails/Default.uasset" 107
"../../../Engine/Content/Maps/Templates/Thumbnails/VR-Basic.uasset" 108
"../../../Engine/Content/MobileResources/T_MobileControls_texture.uasset" 109
"../../../Engine/Content/MobileResources/T_MobileMenu2.uasset" 110
"../../../Engine/Content/MobileResources/HUD/AnalogHat.uasset" 111
"../../../Engine/Content/MobileResources/HUD/VirtualJoystick_Background.uasset" 112
"../../../Engine/Content/MobileResources/HUD/VirtualJoystick_Thumb.uasset" 113
"../../../Engine/Content/MobileResources/HUD/DefaultVirtualJoysticks.uasset" 114
"../../../Engine/Content/MobileResources/HUD/LeftVirtualJoystickOnly.uasset" 115
"../../../Engine/Content/MobileResources/HUD/MobileHUDButton1_off.uasset" 116
"../../../Engine/Content/MobileResources/HUD/MobileHUDButton1_on.uasset" 117
"../../../Engine/Content/MobileResources/HUD/MobileHUDButton2_off.uasset" 118
"../../../Engine/Content/MobileResources/HUD/MobileHUDButton2_on.uasset" 119
"../../../Engine/Content/MobileResources/HUD/MobileHUDButton3.uasset" 120
"../../../Engine/Content/MobileResources/HUD/MobileHUDButtonFire.uasset" 121
"../../../Engine/Content/MobileResources/HUD/MobileHUDDirectionPad.uasset" 122
"../../../Engine/Content/MobileResources/HUD/MobileHUDDirectionPad2.uasset" 123
"../../../Engine/Content/MobileResources/HUD/MobileHUDDirectionPad3.uasset" 124
"../../../Engine/Content/MobileResources/HUD/MobileHUDDirectionStick.uasset" 125
"../../../Engine/Content/MobileResources/HUD/T_Castle_ThumbstickInner.uasset" 126
"../../../Engine/Content/MobileResources/HUD/T_Castle_ThumbstickOutter.uasset" 127
"../../../Engine/Content/Tutorial/ContentIntroCurve.uasset" 128
"../../../Engine/Content/VREditor/LaserPointer/VR_LaserPower_01.uasset" 129
"../../../Engine/Content/VREditor/TransformGizmo/TransformGizmoMaterial.uasset" 130
"../../../Engine/Content/VREditor/TransformGizmo/TranslucentTransformGizmoMaterial.uasset" 131
"../../../Engine/Content/VREditor/TransformGizmo/BoundingBoxCorner.uasset" 132
"../../../Engine/Content/VREditor/TransformGizmo/BoundingBoxEdge.uasset" 133
"../../../Engine/Content/VREditor/TransformGizmo/PlaneTranslationHandle.uasset" 134
"../../../Engine/Content/VREditor/TransformGizmo/Main.uasset" 135
"../../../Engine/Content/VREditor/TransformGizmo/Xray.uasset" 136
"../../../Engine/Content/VREditor/TransformGizmo/SM_Sequencer_Key.uasset" 137
"../../../Engine/Content/VREditor/TransformGizmo/SM_Sequencer_Node.uasset" 138
"../../Plugins/2D/Paper2D/Content/PlaceholderTextures/DummySpriteTexture.uasset" 139
"../../Plugins/2D/Paper2D/Content/DummySprite.uasset" 140
"../../Plugins/2D/Paper2D/Content/DefaultPaperTerrainMaterial.uasset" 141
"../../Plugins/2D/Paper2D/Content/DefaultSpriteMaterial.uasset" 142
"../../Plugins/2D/Paper2D/Content/MaskedUnlitSpriteMaterial.uasset" 143
"../../Plugins/2D/Paper2D/Content/OpaqueUnlitSpriteMaterial.uasset" 144
"../../Plugins/Runtime/Oculus/OculusVR/Content/Materials/PokeAHoleMaterial.uasset" 145
"../../Plugins/Runtime/Oculus/OculusVR/Content/Textures/GearVRController_AO.uasset" 146
"../../Plugins/Runtime/Oculus/OculusVR/Content/Textures/GearVRController_Color.uasset" 147
"../../Plugins/Runtime/Oculus/OculusVR/Content/Textures/GearVRController_Normal.uasset" 148
"../../Plugins/Runtime/Oculus/OculusVR/Content/Materials/GearVRControllerMaterial.uasset" 149
"../../Plugins/Runtime/Oculus/OculusVR/Content/Meshes/GearVrController.uasset" 150
"../../Plugins/Runtime/Oculus/OculusVR/Content/Textures/touchController_albedo.uasset" 151
"../../Plugins/Runtime/Oculus/OculusVR/Content/Textures/touchController_controlmap.uasset" 152
"../../Plugins/Runtime/Oculus/OculusVR/Content/Materials/touchController_mat.uasset" 153
"../../Plugins/Runtime/Oculus/OculusVR/Content/Meshes/LeftTouchController.uasset" 154
"../../Plugins/Runtime/Oculus/OculusVR/Content/Meshes/RiftHMD.uasset" 155
"../../Plugins/Runtime/Oculus/OculusVR/Content/Meshes/RightTouchController.uasset" 156
"../../../Engine/Content/EditorBlueprintResources/StandardMacros.uasset" 157
"../../../../../../Users/Rick/Documents/Unreal Projects/HerosHideout/Plugins/CustomMapTools/Content/Blueprints/BP_LootSpawnerProxy.uasset" 158
"../../../../../../Users/Rick/Documents/Unreal Projects/HerosHideout/Content/CustomMaps/UGC2655726196/external/weapons_pack/Blueprints/E_LootSpawnerItemIDs.uasset" 159
"../../../../../../Users/Rick/Documents/Unreal Projects/HerosHideout/Content/CustomMaps/UGC2655726196/external/weapons_pack/Materials/M_LootSpawner.uasset" 160
"../../../../../../Users/Rick/Documents/Unreal Projects/HerosHideout/Content/CustomMaps/UGC2655726196/external/weapons_pack/Materials/MI_Weapons.uasset" 161
"../../../../../../Users/Rick/Documents/Unreal Projects/HerosHideout/Content/CustomMaps/UGC2655726196/external/weapons_pack/Props/57.uasset" 162
"../../../../../../Users/Rick/Documents/Unreal Projects/HerosHideout/Content/CustomMaps/UGC2655726196/external/weapons_pack/Materials/MI_Attachments.uasset" 163
"../../../../../../Users/Rick/Documents/Unreal Projects/HerosHideout/Content/CustomMaps/UGC2655726196/external/weapons_pack/Props/ACOG.uasset" 164
"../../../../../../Users/Rick/Documents/Unreal Projects/HerosHideout/Content/CustomMaps/UGC2655726196/external/weapons_pack/Props/AK12.uasset" 165
"../../../../../../Users/Rick/Documents/Unreal Projects/HerosHideout/Content/CustomMaps/UGC2655726196/external/weapons_pack/Props/AK47.uasset" 166
"../../../../../../Users/Rick/Documents/Unreal Projects/HerosHideout/Content/CustomMaps/UGC2655726196/external/weapons_pack/Props/AngledGrip.uasset" 167
"../../../../../../Users/Rick/Documents/Unreal Projects/HerosHideout/Content/CustomMaps/UGC2655726196/external/weapons_pack/Props/AntiTank.uasset" 168
"../../../../../../Users/Rick/Documents/Unreal Projects/HerosHideout/Content/CustomMaps/UGC2655726196/external/weapons_pack/Props/AUG.uasset" 169
"../../../../../../Users/Rick/Documents/Unreal Projects/HerosHideout/Content/CustomMaps/UGC2655726196/external/weapons_pack/Props/AutoSniper.uasset" 170
"../../../../../../Users/Rick/Documents/Unreal Projects/HerosHideout/Content/CustomMaps/UGC2655726196/external/weapons_pack/Props/AWP.uasset" 171
"../../../../../../Users/Rick/Documents/Unreal Projects/HerosHideout/Content/CustomMaps/UGC2655726196/external/weapons_pack/Props/Bizon.uasset" 172
"../../../../../../Users/Rick/Documents/Unreal Projects/HerosHideout/Content/CustomMaps/UGC2655726196/external/weapons_pack/Materials/MI_Items.uasset" 173
"../../../../../../Users/Rick/Documents/Unreal Projects/HerosHideout/Content/CustomMaps/UGC2655726196/external/weapons_pack/Props/BlowTorch.uasset" 174
"../../../../../../Users/Rick/Documents/Unreal Projects/HerosHideout/Content/CustomMaps/UGC2655726196/external/weapons_pack/Props/BoltCutters.uasset" 175
"../../../../../../Users/Rick/Documents/Unreal Projects/HerosHideout/Content/CustomMaps/UGC2655726196/external/weapons_pack/Props/C1911.uasset" 176
"../../../../../../Users/Rick/Documents/Unreal Projects/HerosHideout/Content/CustomMaps/UGC2655726196/external/weapons_pack/Props/Cet9.uasset" 177
"../../../../../../Users/Rick/Documents/Unreal Projects/HerosHideout/Content/CustomMaps/UGC2655726196/external/weapons_pack/Props/CombatShotgun.uasset" 178
"../../../../../../Users/Rick/Documents/Unreal Projects/HerosHideout/Content/CustomMaps/UGC2655726196/external/weapons_pack/Props/Crowbar.uasset" 179
"../../../../../../Users/Rick/Documents/Unreal Projects/HerosHideout/Content/CustomMaps/UGC2655726196/external/weapons_pack/Props/DE.uasset" 180
"../../../../../../Users/Rick/Documents/Unreal Projects/HerosHideout/Content/CustomMaps/UGC2655726196/external/weapons_pack/Props/DrumShotgun.uasset" 181
"../../../../../../Users/Rick/Documents/Unreal Projects/HerosHideout/Content/CustomMaps/UGC2655726196/external/weapons_pack/Props/Handcuffs.uasset" 182
"../../../../../../Users/Rick/Documents/Unreal Projects/HerosHideout/Content/CustomMaps/UGC2655726196/external/weapons_pack/Materials/MI_Armor.uasset" 183
"../../../../../../Users/Rick/Documents/Unreal Projects/HerosHideout/Content/CustomMaps/UGC2655726196/external/weapons_pack/Props/Helmet.uasset" 184
"../../../../../../Users/Rick/Documents/Unreal Projects/HerosHideout/Content/CustomMaps/UGC2655726196/external/weapons_pack/Props/Holo.uasset" 185
"../../../../../../Users/Rick/Documents/Unreal Projects/HerosHideout/Content/CustomMaps/UGC2655726196/external/weapons_pack/Props/Kar98.uasset" 186
"../../../../../../Users/Rick/Documents/Unreal Projects/HerosHideout/Content/CustomMaps/UGC2655726196/external/weapons_pack/Props/Keycard.uasset" 187
"../../../../../../Users/Rick/Documents/Unreal Projects/HerosHideout/Content/CustomMaps/UGC2655726196/external/weapons_pack/Props/Knife.uasset" 188
"../../../../../../Users/Rick/Documents/Unreal Projects/HerosHideout/Content/CustomMaps/UGC2655726196/external/weapons_pack/Props/LMG_A.uasset" 189
"../../../../../../Users/Rick/Documents/Unreal Projects/HerosHideout/Content/CustomMaps/UGC2655726196/external/weapons_pack/Props/Lockpick.uasset" 190
"../../../../../../Users/Rick/Documents/Unreal Projects/HerosHideout/Content/CustomMaps/UGC2655726196/external/weapons_pack/Props/M4.uasset" 191
"../../../../../../Users/Rick/Documents/Unreal Projects/HerosHideout/Content/CustomMaps/UGC2655726196/external/weapons_pack/Props/M9.uasset" 192
"../../../../../../Users/Rick/Documents/Unreal Projects/HerosHideout/Content/CustomMaps/UGC2655726196/external/weapons_pack/Props/MP5.uasset" 193
"../../../../../../Users/Rick/Documents/Unreal Projects/HerosHideout/Content/CustomMaps/UGC2655726196/external/weapons_pack/Materials/MI_Grenades.uasset" 194
"../../../../../../Users/Rick/Documents/Unreal Projects/HerosHideout/Content/CustomMaps/UGC2655726196/external/weapons_pack/Props/NadeExplosive.uasset" 195
"../../../../../../Users/Rick/Documents/Unreal Projects/HerosHideout/Content/CustomMaps/UGC2655726196/external/weapons_pack/Props/NadeExplosive_RU.uasset" 196
"../../../../../../Users/Rick/Documents/Unreal Projects/HerosHideout/Content/CustomMaps/UGC2655726196/external/weapons_pack/Props/NadeFlash.uasset" 197
"../../../../../../Users/Rick/Documents/Unreal Projects/HerosHideout/Content/CustomMaps/UGC2655726196/external/weapons_pack/Props/NadeFlash_RU.uasset" 198
"../../../../../../Users/Rick/Documents/Unreal Projects/HerosHideout/Content/CustomMaps/UGC2655726196/external/weapons_pack/Props/NadeSmoke.uasset" 199
"../../../../../../Users/Rick/Documents/Unreal Projects/HerosHideout/Content/CustomMaps/UGC2655726196/external/weapons_pack/Props/NadeSmoke_RU.uasset" 200
"../../../../../../Users/Rick/Documents/Unreal Projects/HerosHideout/Content/CustomMaps/UGC2655726196/external/weapons_pack/Props/P90.uasset" 201
"../../../../../../Users/Rick/Documents/Unreal Projects/HerosHideout/Content/CustomMaps/UGC2655726196/external/weapons_pack/Props/Pickaxe.uasset" 202
"../../../../../../Users/Rick/Documents/Unreal Projects/HerosHideout/Content/CustomMaps/UGC2655726196/external/weapons_pack/Materials/MI_Healing.uasset" 203
"../../../../../../Users/Rick/Documents/Unreal Projects/HerosHideout/Content/CustomMaps/UGC2655726196/external/weapons_pack/Props/PillBottle.uasset" 204
"../../../../../../Users/Rick/Documents/Unreal Projects/HerosHideout/Content/CustomMaps/UGC2655726196/external/weapons_pack/Props/PumpShotgun.uasset" 205
"../../../../../../Users/Rick/Documents/Unreal Projects/HerosHideout/Content/CustomMaps/UGC2655726196/external/weapons_pack/Props/RedDot.uasset" 206
"../../../../../../Users/Rick/Documents/Unreal Projects/HerosHideout/Content/CustomMaps/UGC2655726196/external/weapons_pack/Props/Revolver.uasset" 207
"../../../../../../Users/Rick/Documents/Unreal Projects/HerosHideout/Content/CustomMaps/UGC2655726196/external/weapons_pack/Props/Sawedoff.uasset" 208
"../../../../../../Users/Rick/Documents/Unreal Projects/HerosHideout/Content/CustomMaps/UGC2655726196/external/weapons_pack/Props/Scope.uasset" 209
"../../../../../../Users/Rick/Documents/Unreal Projects/HerosHideout/Content/CustomMaps/UGC2655726196/external/weapons_pack/Props/Sock.uasset" 210
"../../../../../../Users/Rick/Documents/Unreal Projects/HerosHideout/Content/CustomMaps/UGC2655726196/external/weapons_pack/Props/SuppressorPistol.uasset" 211
"../../../../../../Users/Rick/Documents/Unreal Projects/HerosHideout/Content/CustomMaps/UGC2655726196/external/weapons_pack/Props/SuppressorRifle.uasset" 212
"../../../../../../Users/Rick/Documents/Unreal Projects/HerosHideout/Content/CustomMaps/UGC2655726196/external/weapons_pack/Props/Syringe.uasset" 213
"../../../../../../Users/Rick/Documents/Unreal Projects/HerosHideout/Content/CustomMaps/UGC2655726196/external/weapons_pack/Props/Taser.uasset" 214
"../../../../../../Users/Rick/Documents/Unreal Projects/HerosHideout/Content/CustomMaps/UGC2655726196/external/weapons_pack/Props/UMP.uasset" 215
"../../../../../../Users/Rick/Documents/Unreal Projects/HerosHideout/Content/CustomMaps/UGC2655726196/external/weapons_pack/Props/Uzi.uasset" 216
"../../../../../../Users/Rick/Documents/Unreal Projects/HerosHideout/Content/CustomMaps/UGC2655726196/external/weapons_pack/Props/Vanas.uasset" 217
"../../../../../../Users/Rick/Documents/Unreal Projects/HerosHideout/Content/CustomMaps/UGC2655726196/external/weapons_pack/Props/VerticalGrip.uasset" 218
"../../../../../../Users/Rick/Documents/Unreal Projects/HerosHideout/Content/CustomMaps/UGC2655726196/external/weapons_pack/Props/Vest.uasset" 219
"../../../../../../Users/Rick/Documents/Unreal Projects/HerosHideout/Content/CustomMaps/UGC2655726196/external/weapons_pack/Blueprints/BP_LootSpawnerModels.uasset" 220
"../../../../../../Users/Rick/Documents/Unreal Projects/HerosHideout/Content/CustomMaps/UGC2655726196/blueprints/modifiers/enums/settings_actions.uasset" 221
"../../../../../../Users/Rick/Documents/Unreal Projects/HerosHideout/Content/CustomMaps/UGC2655726196/blueprints/ActorMacros.uasset" 222
"../../../../../../Users/Rick/Documents/Unreal Projects/HerosHideout/Content/CustomMaps/UGC2655726196/blueprints/modifiers/console_print_delay.uasset" 223
"../../../../../../Users/Rick/Documents/Unreal Projects/HerosHideout/Content/CustomMaps/UGC2655726196/blueprints/modifiers/player_modifier.uasset" 224
"../../../../../../Users/Rick/Documents/Unreal Projects/HerosHideout/Content/CustomMaps/UGC2655726196/hero_shideout.uasset" 225
"../../../../../../Users/Rick/Documents/Unreal Projects/HerosHideout/Content/CustomMaps/UGC2655726196/definition.uasset" 226
"../../../../../../Users/Rick/Documents/Unreal Projects/HerosHideout/Content/CustomMaps/UGC2655726196/blueprints/gamelogic.uasset" 227
"../../../Engine/Content/EngineSky/C_Sky_Cloud_Color.uasset" 228
"../../../Engine/Content/EngineSky/C_Sky_Horizon_Color.uasset" 229
"../../../Engine/Content/EngineSky/C_Sky_Zenith_Color.uasset" 230
"../../../Engine/Content/EngineSky/T_Sky_Blue.uasset" 231
"../../../Engine/Content/EngineSky/T_Sky_Clouds_M.uasset" 232
"../../../Engine/Content/EngineSky/T_Sky_Stars.uasset" 233
"../../../Engine/Content/EngineSky/M_Sky_Panning_Clouds2.uasset" 234
"../../../Engine/Content/EngineSky/SM_SkySphere.uasset" 235
"../../../Engine/Content/EngineSky/BP_Sky_Sphere.uasset" 236
"../../../../../../Users/Rick/Documents/Unreal Projects/HerosHideout/Content/CustomMaps/UGC2655726196/mats/box_tex/box.uasset" 237
"../../../../../../Users/Rick/Documents/Unreal Projects/HerosHideout/Content/CustomMaps/UGC2655726196/mats/box_tex/box_tex_depth_test.uasset" 238
"../../../../../../Users/Rick/Documents/Unreal Projects/HerosHideout/Content/CustomMaps/UGC2655726196/mats/box_tex/box_tex_depth_test_pink.uasset" 239
"../../../Engine/Content/BasicShapes/Cube.uasset" 240
"../../../../../../Users/Rick/Documents/Unreal Projects/HerosHideout/Content/CustomMaps/UGC2655726196/blueprints/entity_info.uasset" 241
"../../../Engine/Content/Functions/Engine_MaterialFunctions02/Utility/BreakOutFloat4Components.uasset" 242
"../../../../../../Users/Rick/Documents/Unreal Projects/HerosHideout/Content/CustomMaps/UGC2655726196/mats/particle_trail.uasset" 243
"../../../../../../Users/Rick/Documents/Unreal Projects/HerosHideout/Content/CustomMaps/UGC2655726196/blueprints/grenade_stuff/particle_trail.uasset" 244
"../../../../../../Users/Rick/Documents/Unreal Projects/HerosHideout/Content/CustomMaps/UGC2655726196/blueprints/modifiers/bullet_modifier.uasset" 245
"../../../../../../Users/Rick/Documents/Unreal Projects/HerosHideout/Content/CustomMaps/UGC2655726196/blueprints/modifiers/grenade_modifier.uasset" 246
"../../../../../../Users/Rick/Documents/Unreal Projects/HerosHideout/Content/CustomMaps/UGC2655726196/blueprints/modifiers/bot_ai/bot_bb.uasset" 247
"../../../../../../Users/Rick/Documents/Unreal Projects/HerosHideout/Content/CustomMaps/UGC2655726196/blueprints/modifiers/bot_ai/findRandomLocation.uasset" 248
"../../../../../../Users/Rick/Documents/Unreal Projects/HerosHideout/Content/CustomMaps/UGC2655726196/blueprints/modifiers/bot_ai/bot_bt.uasset" 249
"../../../../../../Users/Rick/Documents/Unreal Projects/HerosHideout/Plugins/CustomMapTools/Content/Blueprints/BPFL_PavlovTemplate.uasset" 250
"../../../../../../Users/Rick/Documents/Unreal Projects/HerosHideout/Content/CustomMaps/UGC2655726196/blueprints/modifiers/bot_ai/bot_controller.uasset" 251
"../../../../../../Users/Rick/Documents/Unreal Projects/HerosHideout/Content/CustomMaps/UGC2655726196/mats/solid.uasset" 252
"../../../../../../Users/Rick/Documents/Unreal Projects/HerosHideout/Content/CustomMaps/UGC2655726196/external/custom_map/PhysicalMaterials/Thin/PM_Default_Glass_Thin.uasset" 253
"../../../../../../Users/Rick/Documents/Unreal Projects/HerosHideout/Content/CustomMaps/UGC2655726196/mats/penetrable_mat.uasset" 254
"../../../../../../Users/Rick/Documents/Unreal Projects/HerosHideout/Content/CustomMaps/UGC2655726196/blueprints/modifiers/penmat_modifier.uasset" 255
"../../../../../../Users/Rick/Documents/Unreal Projects/HerosHideout/Content/CustomMaps/UGC2655726196/meshes/upright_cylinder.uasset" 256
"../../../../../../Users/Rick/Documents/Unreal Projects/HerosHideout/Content/CustomMaps/UGC2655726196/blueprints/modifiers/spawn_modifier.uasset" 257
"../../../../../../Users/Rick/Documents/Unreal Projects/HerosHideout/Content/CustomMaps/UGC2655726196/mats/box_tex/box_tex.uasset" 258
"../../../../../../Users/Rick/Documents/Unreal Projects/HerosHideout/Content/CustomMaps/UGC2655726196/mats/box_tex/box_tex_red.uasset" 259
"../../../../../../Users/Rick/Documents/Unreal Projects/HerosHideout/Content/CustomMaps/UGC2655726196/blueprints/modifiers/targets/Target_Enemy_Gun.uasset" 260
"../../../../../../Users/Rick/Documents/Unreal Projects/HerosHideout/Content/CustomMaps/UGC2655726196/mats/box_tex/box_tex_blue.uasset" 261
"../../../../../../Users/Rick/Documents/Unreal Projects/HerosHideout/Content/CustomMaps/UGC2655726196/blueprints/modifiers/targets/Target_Transparent_Gun.uasset" 262
"../../../../../../Users/Rick/Documents/Unreal Projects/HerosHideout/Content/CustomMaps/UGC2655726196/blueprints/modifiers/enums/tool_modifier_actions.uasset" 263
"../../../../../../Users/Rick/Documents/Unreal Projects/HerosHideout/Content/CustomMaps/UGC2655726196/blueprints/modifiers/tool_hand_left.uasset" 264
"../../../../../../Users/Rick/Documents/Unreal Projects/HerosHideout/Content/CustomMaps/UGC2655726196/blueprints/modifiers/tool_hand_right.uasset" 265
"../../../../../../Users/Rick/Documents/Unreal Projects/HerosHideout/Content/CustomMaps/UGC2655726196/blueprints/modifiers/enums/LoadableMaps.uasset" 266
"../../../../../../Users/Rick/Documents/Unreal Projects/HerosHideout/Content/CustomMaps/UGC2655726196/blueprints/modifiers/enums/MapList.uasset" 267
"../../../../../../Users/Rick/Documents/Unreal Projects/HerosHideout/Content/CustomMaps/UGC2655726196/blueprints/modifiers/enums/map_loaded_actions.uasset" 268
"../../../../../../Users/Rick/Documents/Unreal Projects/HerosHideout/Content/CustomMaps/UGC2655726196/blueprints/modifiers/enums/maps.uasset" 269
"../../../../../../Users/Rick/Documents/Unreal Projects/HerosHideout/Content/CustomMaps/UGC2655726196/blueprints/modifiers/enums/maps_displayname.uasset" 270
"../../../../../../Users/Rick/Documents/Unreal Projects/HerosHideout/Content/CustomMaps/UGC2655726196/blueprints/modifiers/enums/noclip_mode.uasset" 271
"../../../../../../Users/Rick/Documents/Unreal Projects/HerosHideout/Content/CustomMaps/UGC2655726196/blueprints/modifiers/enums/ruler_modes.uasset" 272
"../../../../../../Users/Rick/Documents/Unreal Projects/HerosHideout/Content/CustomMaps/UGC2655726196/blueprints/modifiers/enums/target_spawn_mode.uasset" 273
"../../../../../../Users/Rick/Documents/Unreal Projects/HerosHideout/Content/CustomMaps/UGC2655726196/blueprints/modifiers/tool_modifier.uasset" 274
"../../../../../../Users/Rick/Documents/Unreal Projects/HerosHideout/Content/CustomMaps/UGC2655726196/blueprints/modifiers/modifier_volume.uasset" 275
"../../../../../../Users/Rick/Documents/Unreal Projects/HerosHideout/Content/CustomMaps/UGC2655726196/blueprints/ServerVersion.uasset" 276
"../../../Engine/Content/BasicShapes/BasicShapeMaterial.uasset" 277
"../../../../../../Users/Rick/Documents/Unreal Projects/HerosHideout/Content/CustomMaps/UGC2655726196/mats/prototype/proto.uasset" 278
"../../../../../../Users/Rick/Documents/Unreal Projects/HerosHideout/Content/CustomMaps/UGC2655726196/mats/canvas/canvas_base.uasset" 279
"../../../../../../Users/Rick/Documents/Unreal Projects/HerosHideout/Content/CustomMaps/UGC2655726196/mats/canvas/canvas_brush.uasset" 280
"../../../../../../Users/Rick/Documents/Unreal Projects/HerosHideout/Content/CustomMaps/UGC2655726196/blueprints/spraystuff/canvas.uasset" 281
"../../../../../../Users/Rick/Documents/Unreal Projects/HerosHideout/Content/CustomMaps/UGC2655726196/mats/solid_green.uasset" 282
"../../../../../../Users/Rick/Documents/Unreal Projects/HerosHideout/Content/CustomMaps/UGC2655726196/mats/solid_red.uasset" 283
"../../../../../../Users/Rick/Documents/Unreal Projects/HerosHideout/Content/CustomMaps/UGC2655726196/mats/canvas/hit_marker.uasset" 284
"../../../../../../Users/Rick/Documents/Unreal Projects/HerosHideout/Content/CustomMaps/UGC2655726196/meshes/cylinder.uasset" 285
"../../../../../../Users/Rick/Documents/Unreal Projects/HerosHideout/Content/CustomMaps/UGC2655726196/blueprints/spraystuff/save_button.uasset" 286
"../../../../../../Users/Rick/Documents/Unreal Projects/HerosHideout/Content/CustomMaps/UGC2655726196/blueprints/spraystuff/bullet_property_tester.uasset" 287
"../../../../../../Users/Rick/Documents/Unreal Projects/HerosHideout/Content/CustomMaps/UGC2655726196/blueprints/spraystuff/spray_tester.uasset" 288
"../../../../../../Users/Rick/Documents/Unreal Projects/HerosHideout/Content/CustomMaps/UGC2655726196/FloorTest/Color.uasset" 289
"../../../../../../Users/Rick/Documents/Unreal Projects/HerosHideout/Content/CustomMaps/UGC2655726196/FloorTest/Red.uasset" 290
"../../../../../../Users/Rick/Documents/Unreal Projects/HerosHideout/Content/CustomMaps/UGC2655726196/FloorTest/Teal.uasset" 291
"../../../../../../Users/Rick/Documents/Unreal Projects/HerosHideout/Content/CustomMaps/UGC2655726196/FloorTest/Yellow.uasset" 292
"../../../Engine/Content/BasicShapes/Plane.uasset" 293
"../../../../../../Users/Rick/Documents/Unreal Projects/HerosHideout/Content/CustomMaps/UGC2655726196/external/custom_map/PhysicalMaterials/PM_Default_Carpet.uasset" 294
"../../../../../../Users/Rick/Documents/Unreal Projects/HerosHideout/Content/CustomMaps/UGC2655726196/external/custom_map/PhysicalMaterials/PM_Default_Concrete.uasset" 295
"../../../../../../Users/Rick/Documents/Unreal Projects/HerosHideout/Content/CustomMaps/UGC2655726196/external/custom_map/PhysicalMaterials/PM_Default_Dirt.uasset" 296
"../../../../../../Users/Rick/Documents/Unreal Projects/HerosHideout/Content/CustomMaps/UGC2655726196/external/custom_map/PhysicalMaterials/PM_Default_Fabric.uasset" 297
"../../../../../../Users/Rick/Documents/Unreal Projects/HerosHideout/Content/CustomMaps/UGC2655726196/external/custom_map/PhysicalMaterials/PM_Default_Glass.uasset" 298
"../../../../../../Users/Rick/Documents/Unreal Projects/HerosHideout/Content/CustomMaps/UGC2655726196/external/custom_map/PhysicalMaterials/PM_Default_Metal.uasset" 299
"../../../../../../Users/Rick/Documents/Unreal Projects/HerosHideout/Content/CustomMaps/UGC2655726196/external/custom_map/PhysicalMaterials/PM_Default_Water.uasset" 300
"../../../../../../Users/Rick/Documents/Unreal Projects/HerosHideout/Content/CustomMaps/UGC2655726196/external/custom_map/PhysicalMaterials/PM_Default_Wood.uasset" 301
"../../../../../../Users/Rick/Documents/Unreal Projects/HerosHideout/Content/CustomMaps/UGC2655726196/external/custom_map/PhysicalMaterials/PM_Mud.uasset" 302
"../../../../../../Users/Rick/Documents/Unreal Projects/HerosHideout/Content/CustomMaps/UGC2655726196/FloorTest/CubeMaterial.uasset" 303
"../../../../../../Users/Rick/Documents/Unreal Projects/HerosHideout/Content/CustomMaps/UGC2655726196/FloorTest/1M_Cube.uasset" 304
"../../../../../../Users/Rick/Documents/Unreal Projects/HerosHideout/Content/CustomMaps/UGC2655726196/FloorTest/DistanceMarkers.uasset" 305
"../../../../../../Users/Rick/Documents/Unreal Projects/HerosHideout/Content/CustomMaps/UGC2655726196/practice_map_BuiltData.uasset" 306
"../../../Engine/Content/Functions/Engine_MaterialFunctions02/SafeNormalize.uasset" 307
"../../../Engine/Content/Functions/Engine_MaterialFunctions02/Math/CreateThirdOrthogonalVector.uasset" 308
"../../../../../../Users/Rick/Documents/Unreal Projects/HerosHideout/Content/CustomMaps/UGC2655726196/mats/prototype/basic.uasset" 309
"../../../../../../Users/Rick/Documents/Unreal Projects/HerosHideout/Content/CustomMaps/UGC2655726196/mats/prototype/proto_dark.uasset" 310
"../../../../../../Users/Rick/Documents/Unreal Projects/HerosHideout/Content/CustomMaps/UGC2655726196/mats/prototype/basic_dark.uasset" 311
"../../../../../../Users/Rick/Documents/Unreal Projects/HerosHideout/Content/CustomMaps/UGC2655726196/Box_Brush3_StaticMesh.uasset" 312
"../../../../../../Users/Rick/Documents/Unreal Projects/HerosHideout/Content/CustomMaps/UGC2655726196/practice_map.umap" 313
"../../../Engine/Content/Maps/Entry_BuiltData.uasset" 314
"../../../Engine/Content/Maps/Entry.umap" 315
